04/05/2017 11:27:00 PM	This log contains information about the import schema operation into project 'MvcMusicStoreDbVersion' on computer 'DESKTOP-2DH7FQN' by user 'Admins'.
04/05/2017 11:27:00 PM	Import of database schema has started.
04/05/2017 11:27:08 PM	Gathering database options
04/05/2017 11:27:08 PM	Gathering users
04/05/2017 11:27:08 PM	Gathering roles
04/05/2017 11:27:08 PM	Gathering application roles
04/05/2017 11:27:08 PM	Gathering role memberships
04/05/2017 11:27:08 PM	Gathering filegroups
04/05/2017 11:27:08 PM	Gathering full-text catalogs
04/05/2017 11:27:08 PM	Gathering assemblies
04/05/2017 11:27:08 PM	Gathering certificates
04/05/2017 11:27:08 PM	Gathering asymmetric keys
04/05/2017 11:27:08 PM	Gathering symmetric keys
04/05/2017 11:27:08 PM	Gathering encrypted symmetric keys
04/05/2017 11:27:08 PM	Gathering schemas
04/05/2017 11:27:08 PM	Gathering XML schema collections
04/05/2017 11:27:08 PM	Gathering user-defined data types
04/05/2017 11:27:08 PM	Gathering user-defined types
04/05/2017 11:27:08 PM	Gathering table types
04/05/2017 11:27:08 PM	Gathering unique keys for table types
04/05/2017 11:27:08 PM	Gathering primary keys for table types
04/05/2017 11:27:08 PM	Gathering indexes for table types
04/05/2017 11:27:08 PM	Gathering check constraints for table types
04/05/2017 11:27:08 PM	Gathering default constraints for table types
04/05/2017 11:27:08 PM	Gathering partition functions
04/05/2017 11:27:08 PM	Gathering partition schemes
04/05/2017 11:27:08 PM	Gathering functions
04/05/2017 11:27:08 PM	Gathering encrypted functions
04/05/2017 11:27:08 PM	Gathering aggregates
04/05/2017 11:27:08 PM	Gathering procedures
04/05/2017 11:27:08 PM	Gathering encrypted procedures
04/05/2017 11:27:08 PM	Gathering tables
04/05/2017 11:27:08 PM	Gathering primary keys
04/05/2017 11:27:08 PM	Gathering unique constraints
04/05/2017 11:27:08 PM	Gathering foreign keys
04/05/2017 11:27:08 PM	Gathering default constraints
04/05/2017 11:27:09 PM	Gathering check constraints
04/05/2017 11:27:09 PM	Gathering views
04/05/2017 11:27:09 PM	Gathering encrypted views
04/05/2017 11:27:09 PM	Gathering indexes
04/05/2017 11:27:09 PM	Gathering statistics
04/05/2017 11:27:09 PM	Gathering full-text index stoplists
04/05/2017 11:27:09 PM	Gathering search property lists
04/05/2017 11:27:09 PM	Gathering search properties
04/05/2017 11:27:09 PM	Gathering full-text indexes
04/05/2017 11:27:09 PM	Gathering column store indexes
04/05/2017 11:27:09 PM	Gathering spatial indexes
04/05/2017 11:27:09 PM	Gathering XML indexes
04/05/2017 11:27:09 PM	Gathering Selective XML indexes
04/05/2017 11:27:09 PM	Gathering encrypted triggers
04/05/2017 11:27:09 PM	Gathering triggers
04/05/2017 11:27:09 PM	Gathering encrypted and clr ddl triggers
04/05/2017 11:27:09 PM	Gathering ddl triggers
04/05/2017 11:27:09 PM	Gathering synonyms
04/05/2017 11:27:09 PM	Gathering defaults
04/05/2017 11:27:09 PM	Gathering data constraint uddt bindings
04/05/2017 11:27:09 PM	Gathering rules
04/05/2017 11:27:09 PM	Gathering data constraint uddt bindings
04/05/2017 11:27:09 PM	Gathering message types
04/05/2017 11:27:09 PM	Gathering queues
04/05/2017 11:27:09 PM	Gathering contracts
04/05/2017 11:27:09 PM	Gathering services
04/05/2017 11:27:09 PM	Gathering event notifications
04/05/2017 11:27:09 PM	Gathering remote service bindings
04/05/2017 11:27:09 PM	Gathering broker priorities
04/05/2017 11:27:09 PM	Gathering signatures
04/05/2017 11:27:09 PM	Gathering data compression options
04/05/2017 11:27:09 PM	Gathering sequence types
04/05/2017 11:27:09 PM	Gathering security policies
04/05/2017 11:27:09 PM	Gather column encryption keys
04/05/2017 11:27:09 PM	Gathering column master keys
04/05/2017 11:27:09 PM	Gathering external data sources
04/05/2017 11:27:09 PM	Gathering external file formats
04/05/2017 11:27:09 PM	Gathering external tables
04/05/2017 11:27:09 PM	Gathering extended properties
04/05/2017 11:27:09 PM	Gathering credentials
04/05/2017 11:27:09 PM	Gathering logins
04/05/2017 11:27:09 PM	Gathering server audits
04/05/2017 11:27:09 PM	Scanning project for duplicate elements
04/05/2017 11:27:09 PM	Finished duplicate element processing
04/05/2017 11:27:10 PM	Finished importing database.
04/05/2017 11:27:10 PM	A summary of the import was saved to the following location: E:\Projects\GitHub\TT.Web\MvcMusicStoreDbVersion\Import Schema Logs\MvcMusicStoreDbVersi_20170504042700.log
04/05/2017 11:27:10 PM	Click Finish to continue...
